[33m[nodemon] 1.11.0[39m
[33m[nodemon] to restart at any time, enter `rs`[39m
[33m[nodemon] watching: *.*[39m
[32m[nodemon] starting `node server.js`[39m
[31m[nodemon] Internal watch failed: watch /home/lecram/Dropbox/OSIRISC/osi/serv ENOSPC[39m
events.js:182
      throw er; // Unhandled 'error' event
      ^

Error: listen EADDRINUSE :::3001
    at Object.exports._errnoException (util.js:1022:11)
    at exports._exceptionWithHostPort (util.js:1045:20)
    at Server.setupListenHandle [as _listen2] (net.js:1315:14)
    at listenInCluster (net.js:1363:12)
    at Server.listen (net.js:1463:7)
    at Function.listen (/home/lecram/Dropbox/OSIRISC/osi/serv/node_modules/express/lib/application.js:618:24)
    at Object.<anonymous> (/home/lecram/Dropbox/OSIRISC/osi/serv/server.js:41:5)
    at Module._compile (module.js:569:30)
    at Object.Module._extensions..js (module.js:580:10)
    at Module.load (module.js:503:32)
    at tryModuleLoad (module.js:466:12)
    at Function.Module._load (module.js:458:3)
    at Function.Module.runMain (module.js:605:10)
    at startup (bootstrap_node.js:158:16)
    at bootstrap_node.js:575:3
